<?xml version="1.0" encoding="UTF-8"?>
<!-- Generated by org.testng.reporters.JUnitReportReporter -->
<testsuite skipped="0" hostname="DESKTOP-E4AK4IT" name="qaautomation.may2022.WebTest2" tests="4" failures="0" timestamp="22 Mei 2022 06:26:01 GMT" time="35.494" errors="0">
  <testcase name="testLoginFailed" time="7.666" classname="qaautomation.may2022.WebTest2"/>
  <testcase name="testLoginFailedWrongUsernameandPassword" time="8.431" classname="qaautomation.may2022.WebTest2"/>
  <testcase name="testLogin" time="10.731" classname="qaautomation.may2022.WebTest2"/>
  <testcase name="testPasswordFailed" time="8.666" classname="qaautomation.may2022.WebTest2"/>
</testsuite> <!-- qaautomation.may2022.WebTest2 -->
