<?xml version="1.0" encoding="UTF-8"?>
<!-- Generated by org.testng.reporters.JUnitReportReporter -->
<testsuite skipped="0" hostname="DESKTOP-E4AK4IT" name="qaautomation.may2022.APITestAfterRefactor" tests="4" failures="0" timestamp="29 Mei 2022 07:51:30 GMT" time="22.267" errors="0">
  <testcase name="dashboardAPI" time="5.048" classname="qaautomation.may2022.APITestAfterRefactor"/>
  <testcase name="userAPI" time="5.834" classname="qaautomation.may2022.APITestAfterRefactor"/>
  <testcase name="configAPI" time="9.472" classname="qaautomation.may2022.APITestAfterRefactor"/>
  <testcase name="fakerTest" time="1.913" classname="qaautomation.may2022.APITestAfterRefactor"/>
</testsuite> <!-- qaautomation.may2022.APITestAfterRefactor -->
