<?xml version="1.0" encoding="UTF-8"?>
<!-- Generated by org.testng.reporters.JUnitReportReporter -->
<testsuite skipped="0" hostname="DESKTOP-E4AK4IT" name="qaautomation.may2022.AppTest" tests="1" failures="0" timestamp="21 Mei 2022 06:52:04 GMT" time="0.010" errors="0">
  <testcase name="shouldAnswerWithTrue" time="0.010" classname="qaautomation.may2022.AppTest"/>
</testsuite> <!-- qaautomation.may2022.AppTest -->
