<?xml version="1.0" encoding="UTF-8"?>
<!-- Generated by org.testng.reporters.JUnitReportReporter -->
<testsuite skipped="0" hostname="DESKTOP-E4AK4IT" name="qaautomation.may2022.APIRegress" tests="1" failures="0" timestamp="28 Mei 2022 07:24:04 GMT" time="3.073" errors="0">
  <testcase name="loginAPI" time="3.073" classname="qaautomation.may2022.APIRegress"/>
</testsuite> <!-- qaautomation.may2022.APIRegress -->
