<?xml version="1.0" encoding="UTF-8"?>
<!-- Generated by org.testng.reporters.JUnitReportReporter -->
<testsuite skipped="0" hostname="DESKTOP-E4AK4IT" name="qaautomation.may2022.WebTest" tests="4" failures="0" timestamp="21 Mei 2022 19:47:19 GMT" time="45.358" errors="0">
  <testcase name="testLoginFailedWrongUsernameandPassword" time="18.962" classname="qaautomation.may2022.WebTest"/>
  <testcase name="testLoginFailed" time="8.267" classname="qaautomation.may2022.WebTest"/>
  <testcase name="testLogin" time="10.603" classname="qaautomation.may2022.WebTest"/>
  <testcase name="testPasswordFailed" time="7.526" classname="qaautomation.may2022.WebTest"/>
</testsuite> <!-- qaautomation.may2022.WebTest -->
