<?xml version="1.0" encoding="UTF-8"?>
<!-- Generated by org.testng.reporters.JUnitReportReporter -->
<testsuite skipped="0" hostname="DESKTOP-E4AK4IT" name="qaautomation.may2022.GraphQLTest" tests="2" failures="0" timestamp="29 Mei 2022 06:39:59 GMT" time="5.645" errors="0">
  <testcase name="checkCEO" time="4.073" classname="qaautomation.may2022.GraphQLTest"/>
  <testcase name="getLaunchesWithVariable" time="1.572" classname="qaautomation.may2022.GraphQLTest"/>
</testsuite> <!-- qaautomation.may2022.GraphQLTest -->
