<?xml version="1.0" encoding="UTF-8"?>
<!-- Generated by org.testng.reporters.JUnitReportReporter -->
<testsuite skipped="0" hostname="DESKTOP-E4AK4IT" name="qaautomation.may2022.APITest" tests="2" failures="0" timestamp="28 Mei 2022 07:37:12 GMT" time="5.462" errors="0">
  <testcase name="loginAPI" time="3.829" classname="qaautomation.may2022.APITest"/>
  <testcase name="dashboardAPI" time="1.633" classname="qaautomation.may2022.APITest"/>
</testsuite> <!-- qaautomation.may2022.APITest -->
