<?xml version="1.0" encoding="UTF-8"?>
<!-- Generated by org.testng.reporters.JUnitReportReporter -->
<testsuite skipped="0" hostname="DESKTOP-E4AK4IT" name="qaautomation.may2022.APITestAfterRefactor" tests="4" failures="0" timestamp="29 Mei 2022 08:22:23 GMT" time="26.575" errors="0">
  <testcase name="fakerTest" time="4.802" classname="qaautomation.may2022.APITestAfterRefactor"/>
  <testcase name="dashboardAPI" time="15.202" classname="qaautomation.may2022.APITestAfterRefactor"/>
  <testcase name="configAPI" time="3.165" classname="qaautomation.may2022.APITestAfterRefactor"/>
  <testcase name="userAPI" time="3.406" classname="qaautomation.may2022.APITestAfterRefactor"/>
</testsuite> <!-- qaautomation.may2022.APITestAfterRefactor -->
